2019/11/16-09:20 [main] INFO  com.zzxmh.employeeservice.EmployeeServiceApplication- No active profile set, falling back to default profiles: default
2019/11/16-09:20 [main] INFO  org.springframework.cloud.context.scope.GenericScope- BeanFactory id=1ecf1803-3586-3fde-8433-4f16657d2e62
2019/11/16-09:20 [main] INFO  org.springframework.context.support.PostProcessorRegistrationDelegate$BeanPostProcessorChecker- Bean 'org.springframework.transaction.annotation.ProxyTransactionManagementConfiguration' of type [org.springframework.transaction.annotation.ProxyTransactionManagementConfiguration$$EnhancerBySpringCGLIB$$c6f1d578] is not eligible for getting processed by all BeanPostProcessors (for example: not eligible for auto-proxying)
2019/11/16-09:20 [main] INFO  org.springframework.context.support.PostProcessorRegistrationDelegate$BeanPostProcessorChecker- Bean 'org.springframework.cloud.autoconfigure.ConfigurationPropertiesRebinderAutoConfiguration' of type [org.springframework.cloud.autoconfigure.ConfigurationPropertiesRebinderAutoConfiguration$$EnhancerBySpringCGLIB$$e30bd875] is not eligible for getting processed by all BeanPostProcessors (for example: not eligible for auto-proxying)
2019/11/16-09:20 [main] INFO  org.springframework.boot.web.embedded.tomcat.TomcatWebServer- Tomcat initialized with port(s): 8081 (http)
2019/11/16-09:20 [main] INFO  org.apache.catalina.core.StandardService- Starting service [Tomcat]
2019/11/16-09:20 [main] INFO  org.apache.catalina.core.StandardEngine- Starting Servlet engine: [Apache Tomcat/9.0.19]
2019/11/16-09:21 [main] INFO  org.apache.catalina.core.ContainerBase.[Tomcat].[localhost].[/employeeApi]- Initializing Spring embedded WebApplicationContext
2019/11/16-09:21 [main] INFO  org.springframework.web.context.ContextLoader- Root WebApplicationContext: initialization completed in 1717 ms
2019/11/16-09:21 [main] WARN  com.netflix.config.sources.URLConfigurationSource- No URLs will be polled as dynamic configuration sources.
2019/11/16-09:21 [main] INFO  com.netflix.config.sources.URLConfigurationSource- To enable URLs as dynamic configuration sources, define System property archaius.configurationSource.additionalUrls or make config.properties available on classpath.
2019/11/16-09:21 [main] WARN  com.netflix.config.sources.URLConfigurationSource- No URLs will be polled as dynamic configuration sources.
2019/11/16-09:21 [main] INFO  com.netflix.config.sources.URLConfigurationSource- To enable URLs as dynamic configuration sources, define System property archaius.configurationSource.additionalUrls or make config.properties available on classpath.
2019/11/16-09:21 [main] INFO  org.springframework.cloud.netflix.eureka.InstanceInfoFactory- Setting initial instance status as: STARTING
2019/11/16-09:21 [main] INFO  com.netflix.discovery.DiscoveryClient- Initializing Eureka in region us-east-1
2019/11/16-09:21 [main] INFO  com.netflix.discovery.provider.DiscoveryJerseyProvider- Using JSON encoding codec LegacyJacksonJson
2019/11/16-09:21 [main] INFO  com.netflix.discovery.provider.DiscoveryJerseyProvider- Using JSON decoding codec LegacyJacksonJson
2019/11/16-09:21 [main] INFO  com.netflix.discovery.provider.DiscoveryJerseyProvider- Using XML encoding codec XStreamXml
2019/11/16-09:21 [main] INFO  com.netflix.discovery.provider.DiscoveryJerseyProvider- Using XML decoding codec XStreamXml
2019/11/16-09:21 [main] INFO  com.netflix.discovery.shared.resolver.aws.ConfigClusterResolver- Resolving eureka endpoints via configuration
2019/11/16-09:21 [main] INFO  com.netflix.discovery.DiscoveryClient- Disable delta property : false
2019/11/16-09:21 [main] INFO  com.netflix.discovery.DiscoveryClient- Single vip registry refresh property : null
2019/11/16-09:21 [main] INFO  com.netflix.discovery.DiscoveryClient- Force full registry fetch : false
2019/11/16-09:21 [main] INFO  com.netflix.discovery.DiscoveryClient- Application is null : false
2019/11/16-09:21 [main] INFO  com.netflix.discovery.DiscoveryClient- Registered Applications size is zero : true
2019/11/16-09:21 [main] INFO  com.netflix.discovery.DiscoveryClient- Application version is -1: true
2019/11/16-09:21 [main] INFO  com.netflix.discovery.DiscoveryClient- Getting all instance registry info from the eureka server
2019/11/16-09:21 [main] INFO  com.netflix.discovery.DiscoveryClient- The response status is 200
2019/11/16-09:21 [main] INFO  com.netflix.discovery.DiscoveryClient- Starting heartbeat executor: renew interval is: 30
2019/11/16-09:21 [main] INFO  com.netflix.discovery.InstanceInfoReplicator- InstanceInfoReplicator onDemand update allowed rate per min is 4
2019/11/16-09:21 [main] INFO  com.netflix.discovery.DiscoveryClient- Discovery Client initialized at timestamp 1573867265114 with initial instances count: 2
2019/11/16-09:21 [main] INFO  org.springframework.cloud.netflix.eureka.serviceregistry.EurekaServiceRegistry- Registering application EMPLOYEE-SERVICE with eureka with status UP
2019/11/16-09:21 [main] INFO  com.netflix.discovery.DiscoveryClient- Saw local status change event StatusChangeEvent [timestamp=1573867265120, current=UP, previous=STARTING]
2019/11/16-09:21 [DiscoveryClient-InstanceInfoReplicator-0] INFO  com.netflix.discovery.DiscoveryClient- DiscoveryClient_EMPLOYEE-SERVICE/DESKTOP-A7QRP9E:employee-service:8081: registering service...
2019/11/16-09:21 [DiscoveryClient-InstanceInfoReplicator-0] INFO  com.netflix.discovery.DiscoveryClient- DiscoveryClient_EMPLOYEE-SERVICE/DESKTOP-A7QRP9E:employee-service:8081 - registration status: 204
2019/11/16-09:21 [main] INFO  org.springframework.boot.web.embedded.tomcat.TomcatWebServer- Tomcat started on port(s): 8081 (http) with context path '/employeeApi'
2019/11/16-09:21 [main] INFO  org.springframework.cloud.netflix.eureka.serviceregistry.EurekaAutoServiceRegistration- Updating port to 8081
2019/11/16-09:21 [main] INFO  com.zzxmh.employeeservice.EmployeeServiceApplication- Started EmployeeServiceApplication in 10.656 seconds (JVM running for 12.908)
2019/11/16-09:26 [AsyncResolver-bootstrap-executor-0] INFO  com.netflix.discovery.shared.resolver.aws.ConfigClusterResolver- Resolving eureka endpoints via configuration
2019/11/16-09:31 [AsyncResolver-bootstrap-executor-0] INFO  com.netflix.discovery.shared.resolver.aws.ConfigClusterResolver- Resolving eureka endpoints via configuration
2019/11/16-09:32 [http-nio-8081-exec-1] INFO  org.apache.catalina.core.ContainerBase.[Tomcat].[localhost].[/employeeApi]- Initializing Spring DispatcherServlet 'dispatcherServlet'
2019/11/16-09:32 [http-nio-8081-exec-1] INFO  org.springframework.web.servlet.DispatcherServlet- Initializing Servlet 'dispatcherServlet'
2019/11/16-09:32 [http-nio-8081-exec-1] INFO  org.springframework.web.servlet.DispatcherServlet- Completed initialization in 162 ms
2019/11/16-09:32 [http-nio-8081-exec-1] INFO  com.zaxxer.hikari.HikariDataSource- DatebookHikariCP - Starting...
2019/11/16-09:32 [http-nio-8081-exec-1] INFO  com.zaxxer.hikari.HikariDataSource- DatebookHikariCP - Start completed.
2019/11/16-09:36 [AsyncResolver-bootstrap-executor-0] INFO  com.netflix.discovery.shared.resolver.aws.ConfigClusterResolver- Resolving eureka endpoints via configuration
2019/11/16-09:41 [AsyncResolver-bootstrap-executor-0] INFO  com.netflix.discovery.shared.resolver.aws.ConfigClusterResolver- Resolving eureka endpoints via configuration
2019/11/16-09:46 [AsyncResolver-bootstrap-executor-0] INFO  com.netflix.discovery.shared.resolver.aws.ConfigClusterResolver- Resolving eureka endpoints via configuration
2019/11/16-09:51 [AsyncResolver-bootstrap-executor-0] INFO  com.netflix.discovery.shared.resolver.aws.ConfigClusterResolver- Resolving eureka endpoints via configuration
2019/11/16-09:56 [AsyncResolver-bootstrap-executor-0] INFO  com.netflix.discovery.shared.resolver.aws.ConfigClusterResolver- Resolving eureka endpoints via configuration
2019/11/16-10:01 [AsyncResolver-bootstrap-executor-0] INFO  com.netflix.discovery.shared.resolver.aws.ConfigClusterResolver- Resolving eureka endpoints via configuration
2019/11/16-10:06 [AsyncResolver-bootstrap-executor-0] INFO  com.netflix.discovery.shared.resolver.aws.ConfigClusterResolver- Resolving eureka endpoints via configuration
2019/11/16-10:11 [AsyncResolver-bootstrap-executor-0] INFO  com.netflix.discovery.shared.resolver.aws.ConfigClusterResolver- Resolving eureka endpoints via configuration
2019/11/16-10:18 [main] INFO  com.zzxmh.employeeservice.EmployeeServiceApplication- No active profile set, falling back to default profiles: default
2019/11/16-10:18 [main] INFO  org.springframework.cloud.context.scope.GenericScope- BeanFactory id=1ecf1803-3586-3fde-8433-4f16657d2e62
2019/11/16-10:18 [main] INFO  org.springframework.context.support.PostProcessorRegistrationDelegate$BeanPostProcessorChecker- Bean 'org.springframework.transaction.annotation.ProxyTransactionManagementConfiguration' of type [org.springframework.transaction.annotation.ProxyTransactionManagementConfiguration$$EnhancerBySpringCGLIB$$3f3d204b] is not eligible for getting processed by all BeanPostProcessors (for example: not eligible for auto-proxying)
2019/11/16-10:18 [main] INFO  org.springframework.context.support.PostProcessorRegistrationDelegate$BeanPostProcessorChecker- Bean 'org.springframework.cloud.autoconfigure.ConfigurationPropertiesRebinderAutoConfiguration' of type [org.springframework.cloud.autoconfigure.ConfigurationPropertiesRebinderAutoConfiguration$$EnhancerBySpringCGLIB$$5b572348] is not eligible for getting processed by all BeanPostProcessors (for example: not eligible for auto-proxying)
2019/11/16-10:18 [main] INFO  org.springframework.boot.web.embedded.tomcat.TomcatWebServer- Tomcat initialized with port(s): 8081 (http)
2019/11/16-10:18 [main] INFO  org.apache.catalina.core.StandardService- Starting service [Tomcat]
2019/11/16-10:18 [main] INFO  org.apache.catalina.core.StandardEngine- Starting Servlet engine: [Apache Tomcat/9.0.19]
2019/11/16-10:18 [main] INFO  org.apache.catalina.core.ContainerBase.[Tomcat].[localhost].[/employeeApi]- Initializing Spring embedded WebApplicationContext
2019/11/16-10:18 [main] INFO  org.springframework.web.context.ContextLoader- Root WebApplicationContext: initialization completed in 2996 ms
2019/11/16-10:18 [main] WARN  com.netflix.config.sources.URLConfigurationSource- No URLs will be polled as dynamic configuration sources.
2019/11/16-10:18 [main] INFO  com.netflix.config.sources.URLConfigurationSource- To enable URLs as dynamic configuration sources, define System property archaius.configurationSource.additionalUrls or make config.properties available on classpath.
2019/11/16-10:18 [main] WARN  com.netflix.config.sources.URLConfigurationSource- No URLs will be polled as dynamic configuration sources.
2019/11/16-10:18 [main] INFO  com.netflix.config.sources.URLConfigurationSource- To enable URLs as dynamic configuration sources, define System property archaius.configurationSource.additionalUrls or make config.properties available on classpath.
2019/11/16-10:19 [main] INFO  org.springframework.cloud.netflix.eureka.InstanceInfoFactory- Setting initial instance status as: STARTING
2019/11/16-10:19 [main] INFO  com.netflix.discovery.DiscoveryClient- Initializing Eureka in region us-east-1
2019/11/16-10:19 [main] INFO  com.netflix.discovery.provider.DiscoveryJerseyProvider- Using JSON encoding codec LegacyJacksonJson
2019/11/16-10:19 [main] INFO  com.netflix.discovery.provider.DiscoveryJerseyProvider- Using JSON decoding codec LegacyJacksonJson
2019/11/16-10:19 [main] INFO  com.netflix.discovery.provider.DiscoveryJerseyProvider- Using XML encoding codec XStreamXml
2019/11/16-10:19 [main] INFO  com.netflix.discovery.provider.DiscoveryJerseyProvider- Using XML decoding codec XStreamXml
2019/11/16-10:19 [main] INFO  com.netflix.discovery.shared.resolver.aws.ConfigClusterResolver- Resolving eureka endpoints via configuration
2019/11/16-10:19 [main] INFO  com.netflix.discovery.DiscoveryClient- Disable delta property : false
2019/11/16-10:19 [main] INFO  com.netflix.discovery.DiscoveryClient- Single vip registry refresh property : null
2019/11/16-10:19 [main] INFO  com.netflix.discovery.DiscoveryClient- Force full registry fetch : false
2019/11/16-10:19 [main] INFO  com.netflix.discovery.DiscoveryClient- Application is null : false
2019/11/16-10:19 [main] INFO  com.netflix.discovery.DiscoveryClient- Registered Applications size is zero : true
2019/11/16-10:19 [main] INFO  com.netflix.discovery.DiscoveryClient- Application version is -1: true
2019/11/16-10:19 [main] INFO  com.netflix.discovery.DiscoveryClient- Getting all instance registry info from the eureka server
2019/11/16-10:19 [main] INFO  com.netflix.discovery.DiscoveryClient- The response status is 200
2019/11/16-10:19 [main] INFO  com.netflix.discovery.DiscoveryClient- Starting heartbeat executor: renew interval is: 30
2019/11/16-10:19 [main] INFO  com.netflix.discovery.InstanceInfoReplicator- InstanceInfoReplicator onDemand update allowed rate per min is 4
2019/11/16-10:19 [main] INFO  com.netflix.discovery.DiscoveryClient- Discovery Client initialized at timestamp 1573870742564 with initial instances count: 2
2019/11/16-10:19 [main] INFO  org.springframework.cloud.netflix.eureka.serviceregistry.EurekaServiceRegistry- Registering application EMPLOYEE-SERVICE with eureka with status UP
2019/11/16-10:19 [main] INFO  com.netflix.discovery.DiscoveryClient- Saw local status change event StatusChangeEvent [timestamp=1573870742571, current=UP, previous=STARTING]
2019/11/16-10:19 [DiscoveryClient-InstanceInfoReplicator-0] INFO  com.netflix.discovery.DiscoveryClient- DiscoveryClient_EMPLOYEE-SERVICE/DESKTOP-A7QRP9E:employee-service:8081: registering service...
2019/11/16-10:19 [DiscoveryClient-InstanceInfoReplicator-0] INFO  com.netflix.discovery.DiscoveryClient- DiscoveryClient_EMPLOYEE-SERVICE/DESKTOP-A7QRP9E:employee-service:8081 - registration status: 204
2019/11/16-10:19 [main] INFO  org.springframework.boot.web.embedded.tomcat.TomcatWebServer- Tomcat started on port(s): 8081 (http) with context path '/employeeApi'
2019/11/16-10:19 [main] INFO  org.springframework.cloud.netflix.eureka.serviceregistry.EurekaAutoServiceRegistration- Updating port to 8081
2019/11/16-10:19 [main] INFO  com.zzxmh.employeeservice.EmployeeServiceApplication- Started EmployeeServiceApplication in 14.306 seconds (JVM running for 16.618)
2019/11/16-10:19 [http-nio-8081-exec-2] INFO  org.apache.catalina.core.ContainerBase.[Tomcat].[localhost].[/employeeApi]- Initializing Spring DispatcherServlet 'dispatcherServlet'
2019/11/16-10:19 [http-nio-8081-exec-2] INFO  org.springframework.web.servlet.DispatcherServlet- Initializing Servlet 'dispatcherServlet'
2019/11/16-10:19 [http-nio-8081-exec-2] INFO  org.springframework.web.servlet.DispatcherServlet- Completed initialization in 43 ms
2019/11/16-10:19 [http-nio-8081-exec-2] INFO  com.zaxxer.hikari.HikariDataSource- DatebookHikariCP - Starting...
2019/11/16-10:19 [http-nio-8081-exec-2] INFO  com.zaxxer.hikari.HikariDataSource- DatebookHikariCP - Start completed.
2019/11/16-10:24 [AsyncResolver-bootstrap-executor-0] INFO  com.netflix.discovery.shared.resolver.aws.ConfigClusterResolver- Resolving eureka endpoints via configuration
2019/11/16-10:29 [AsyncResolver-bootstrap-executor-0] INFO  com.netflix.discovery.shared.resolver.aws.ConfigClusterResolver- Resolving eureka endpoints via configuration
2019/11/16-10:34 [AsyncResolver-bootstrap-executor-0] INFO  com.netflix.discovery.shared.resolver.aws.ConfigClusterResolver- Resolving eureka endpoints via configuration
2019/11/16-10:39 [AsyncResolver-bootstrap-executor-0] INFO  com.netflix.discovery.shared.resolver.aws.ConfigClusterResolver- Resolving eureka endpoints via configuration
2019/11/16-10:44 [AsyncResolver-bootstrap-executor-0] INFO  com.netflix.discovery.shared.resolver.aws.ConfigClusterResolver- Resolving eureka endpoints via configuration
2019/11/16-10:49 [AsyncResolver-bootstrap-executor-0] INFO  com.netflix.discovery.shared.resolver.aws.ConfigClusterResolver- Resolving eureka endpoints via configuration
2019/11/16-10:50 [http-nio-8081-exec-2] ERROR org.apache.catalina.core.ContainerBase.[Tomcat].[localhost].[/employeeApi].[dispatcherServlet]- Servlet.service() for servlet [dispatcherServlet] in context with path [/employeeApi] threw exception [Request processing failed; nested exception is org.apache.ibatis.binding.BindingException: Mapper method 'com.zzxmh.employeeservice.dao.user.User_dept_roleMapper.batcholddeptroleid attempted to return null from a method with a primitive return type (int).] with root cause
org.apache.ibatis.binding.BindingException: Mapper method 'com.zzxmh.employeeservice.dao.user.User_dept_roleMapper.batcholddeptroleid attempted to return null from a method with a primitive return type (int).
	at org.apache.ibatis.binding.MapperMethod.execute(MapperMethod.java:94) ~[mybatis-3.4.6.jar:3.4.6]
	at org.apache.ibatis.binding.MapperProxy.invoke(MapperProxy.java:59) ~[mybatis-3.4.6.jar:3.4.6]
	at com.sun.proxy.$Proxy92.batcholddeptroleid(Unknown Source) ~[na:na]
	at sun.reflect.NativeMethodAccessorImpl.invoke0(Native Method) ~[na:1.8.0_191]
	at sun.reflect.NativeMethodAccessorImpl.invoke(NativeMethodAccessorImpl.java:62) ~[na:1.8.0_191]
	at sun.reflect.DelegatingMethodAccessorImpl.invoke(DelegatingMethodAccessorImpl.java:43) ~[na:1.8.0_191]
	at java.lang.reflect.Method.invoke(Method.java:498) ~[na:1.8.0_191]
	at org.springframework.aop.support.AopUtils.invokeJoinpointUsingReflection(AopUtils.java:343) ~[spring-aop-5.1.7.RELEASE.jar:5.1.7.RELEASE]
	at org.springframework.aop.framework.ReflectiveMethodInvocation.invokeJoinpoint(ReflectiveMethodInvocation.java:198) ~[spring-aop-5.1.7.RELEASE.jar:5.1.7.RELEASE]
	at org.springframework.aop.framework.ReflectiveMethodInvocation.proceed(ReflectiveMethodInvocation.java:163) ~[spring-aop-5.1.7.RELEASE.jar:5.1.7.RELEASE]
	at org.springframework.dao.support.PersistenceExceptionTranslationInterceptor.invoke(PersistenceExceptionTranslationInterceptor.java:139) ~[spring-tx-5.1.7.RELEASE.jar:5.1.7.RELEASE]
	at org.springframework.aop.framework.ReflectiveMethodInvocation.proceed(ReflectiveMethodInvocation.java:186) ~[spring-aop-5.1.7.RELEASE.jar:5.1.7.RELEASE]
	at org.springframework.aop.framework.JdkDynamicAopProxy.invoke(JdkDynamicAopProxy.java:212) ~[spring-aop-5.1.7.RELEASE.jar:5.1.7.RELEASE]
	at com.sun.proxy.$Proxy93.batcholddeptroleid(Unknown Source) ~[na:na]
	at com.zzxmh.employeeservice.service.user.User_dept_roleServiceImpl.batcholddeptroleid(User_dept_roleServiceImpl.java:49) ~[classes/:na]
	at com.zzxmh.employeeservice.controller.EmployeeController.batchinsert(EmployeeController.java:737) ~[classes/:na]
	at sun.reflect.NativeMethodAccessorImpl.invoke0(Native Method) ~[na:1.8.0_191]
	at sun.reflect.NativeMethodAccessorImpl.invoke(NativeMethodAccessorImpl.java:62) ~[na:1.8.0_191]
	at sun.reflect.DelegatingMethodAccessorImpl.invoke(DelegatingMethodAccessorImpl.java:43) ~[na:1.8.0_191]
	at java.lang.reflect.Method.invoke(Method.java:498) ~[na:1.8.0_191]
	at org.springframework.web.method.support.InvocableHandlerMethod.doInvoke(InvocableHandlerMethod.java:190) ~[spring-web-5.1.7.RELEASE.jar:5.1.7.RELEASE]
	at org.springframework.web.method.support.InvocableHandlerMethod.invokeForRequest(InvocableHandlerMethod.java:138) ~[spring-web-5.1.7.RELEASE.jar:5.1.7.RELEASE]
	at org.springframework.web.servlet.mvc.method.annotation.ServletInvocableHandlerMethod.invokeAndHandle(ServletInvocableHandlerMethod.java:104) ~[spring-webmvc-5.1.7.RELEASE.jar:5.1.7.RELEASE]
	at org.springframework.web.servlet.mvc.method.annotation.RequestMappingHandlerAdapter.invokeHandlerMethod(RequestMappingHandlerAdapter.java:892) ~[spring-webmvc-5.1.7.RELEASE.jar:5.1.7.RELEASE]
	at org.springframework.web.servlet.mvc.method.annotation.RequestMappingHandlerAdapter.handleInternal(RequestMappingHandlerAdapter.java:797) ~[spring-webmvc-5.1.7.RELEASE.jar:5.1.7.RELEASE]
	at org.springframework.web.servlet.mvc.method.AbstractHandlerMethodAdapter.handle(AbstractHandlerMethodAdapter.java:87) ~[spring-webmvc-5.1.7.RELEASE.jar:5.1.7.RELEASE]
	at org.springframework.web.servlet.DispatcherServlet.doDispatch(DispatcherServlet.java:1039) ~[spring-webmvc-5.1.7.RELEASE.jar:5.1.7.RELEASE]
	at org.springframework.web.servlet.DispatcherServlet.doService(DispatcherServlet.java:942) ~[spring-webmvc-5.1.7.RELEASE.jar:5.1.7.RELEASE]
	at org.springframework.web.servlet.FrameworkServlet.processRequest(FrameworkServlet.java:1005) ~[spring-webmvc-5.1.7.RELEASE.jar:5.1.7.RELEASE]
	at org.springframework.web.servlet.FrameworkServlet.doPost(FrameworkServlet.java:908) ~[spring-webmvc-5.1.7.RELEASE.jar:5.1.7.RELEASE]
	at javax.servlet.http.HttpServlet.service(HttpServlet.java:660) ~[tomcat-embed-core-9.0.19.jar:9.0.19]
	at org.springframework.web.servlet.FrameworkServlet.service(FrameworkServlet.java:882) ~[spring-webmvc-5.1.7.RELEASE.jar:5.1.7.RELEASE]
	at javax.servlet.http.HttpServlet.service(HttpServlet.java:741) ~[tomcat-embed-core-9.0.19.jar:9.0.19]
	at org.apache.catalina.core.ApplicationFilterChain.internalDoFilter(ApplicationFilterChain.java:231) ~[tomcat-embed-core-9.0.19.jar:9.0.19]
	at org.apache.catalina.core.ApplicationFilterChain.doFilter(ApplicationFilterChain.java:166) ~[tomcat-embed-core-9.0.19.jar:9.0.19]
	at org.apache.tomcat.websocket.server.WsFilter.doFilter(WsFilter.java:53) ~[tomcat-embed-websocket-9.0.19.jar:9.0.19]
	at org.apache.catalina.core.ApplicationFilterChain.internalDoFilter(ApplicationFilterChain.java:193) ~[tomcat-embed-core-9.0.19.jar:9.0.19]
	at org.apache.catalina.core.ApplicationFilterChain.doFilter(ApplicationFilterChain.java:166) ~[tomcat-embed-core-9.0.19.jar:9.0.19]
	at org.springframework.web.filter.CharacterEncodingFilter.doFilterInternal(CharacterEncodingFilter.java:200) ~[spring-web-5.1.7.RELEASE.jar:5.1.7.RELEASE]
	at org.springframework.web.filter.OncePerRequestFilter.doFilter(OncePerRequestFilter.java:107) ~[spring-web-5.1.7.RELEASE.jar:5.1.7.RELEASE]
	at org.apache.catalina.core.ApplicationFilterChain.internalDoFilter(ApplicationFilterChain.java:193) ~[tomcat-embed-core-9.0.19.jar:9.0.19]
	at org.apache.catalina.core.ApplicationFilterChain.doFilter(ApplicationFilterChain.java:166) ~[tomcat-embed-core-9.0.19.jar:9.0.19]
	at org.apache.catalina.core.StandardWrapperValve.invoke(StandardWrapperValve.java:200) ~[tomcat-embed-core-9.0.19.jar:9.0.19]
	at org.apache.catalina.core.StandardContextValve.invoke(StandardContextValve.java:96) [tomcat-embed-core-9.0.19.jar:9.0.19]
	at org.apache.catalina.authenticator.AuthenticatorBase.invoke(AuthenticatorBase.java:490) [tomcat-embed-core-9.0.19.jar:9.0.19]
	at org.apache.catalina.core.StandardHostValve.invoke(StandardHostValve.java:139) [tomcat-embed-core-9.0.19.jar:9.0.19]
	at org.apache.catalina.valves.ErrorReportValve.invoke(ErrorReportValve.java:92) [tomcat-embed-core-9.0.19.jar:9.0.19]
	at org.apache.catalina.core.StandardEngineValve.invoke(StandardEngineValve.java:74) [tomcat-embed-core-9.0.19.jar:9.0.19]
	at org.apache.catalina.connector.CoyoteAdapter.service(CoyoteAdapter.java:343) [tomcat-embed-core-9.0.19.jar:9.0.19]
	at org.apache.coyote.http11.Http11Processor.service(Http11Processor.java:408) [tomcat-embed-core-9.0.19.jar:9.0.19]
	at org.apache.coyote.AbstractProcessorLight.process(AbstractProcessorLight.java:66) [tomcat-embed-core-9.0.19.jar:9.0.19]
	at org.apache.coyote.AbstractProtocol$ConnectionHandler.process(AbstractProtocol.java:836) [tomcat-embed-core-9.0.19.jar:9.0.19]
	at org.apache.tomcat.util.net.NioEndpoint$SocketProcessor.doRun(NioEndpoint.java:1747) [tomcat-embed-core-9.0.19.jar:9.0.19]
	at org.apache.tomcat.util.net.SocketProcessorBase.run(SocketProcessorBase.java:49) [tomcat-embed-core-9.0.19.jar:9.0.19]
	at java.util.concurrent.ThreadPoolExecutor.runWorker(ThreadPoolExecutor.java:1149) [na:1.8.0_191]
	at java.util.concurrent.ThreadPoolExecutor$Worker.run(ThreadPoolExecutor.java:624) [na:1.8.0_191]
	at org.apache.tomcat.util.threads.TaskThread$WrappingRunnable.run(TaskThread.java:61) [tomcat-embed-core-9.0.19.jar:9.0.19]
	at java.lang.Thread.run(Thread.java:748) [na:1.8.0_191]
2019/11/16-10:54 [AsyncResolver-bootstrap-executor-0] INFO  com.netflix.discovery.shared.resolver.aws.ConfigClusterResolver- Resolving eureka endpoints via configuration
2019/11/16-10:59 [AsyncResolver-bootstrap-executor-0] INFO  com.netflix.discovery.shared.resolver.aws.ConfigClusterResolver- Resolving eureka endpoints via configuration
2019/11/16-11:04 [AsyncResolver-bootstrap-executor-0] INFO  com.netflix.discovery.shared.resolver.aws.ConfigClusterResolver- Resolving eureka endpoints via configuration
2019/11/16-11:09 [AsyncResolver-bootstrap-executor-0] INFO  com.netflix.discovery.shared.resolver.aws.ConfigClusterResolver- Resolving eureka endpoints via configuration
2019/11/16-11:14 [AsyncResolver-bootstrap-executor-0] INFO  com.netflix.discovery.shared.resolver.aws.ConfigClusterResolver- Resolving eureka endpoints via configuration
2019/11/16-11:19 [AsyncResolver-bootstrap-executor-0] INFO  com.netflix.discovery.shared.resolver.aws.ConfigClusterResolver- Resolving eureka endpoints via configuration
2019/11/16-11:24 [AsyncResolver-bootstrap-executor-0] INFO  com.netflix.discovery.shared.resolver.aws.ConfigClusterResolver- Resolving eureka endpoints via configuration
2019/11/16-11:29 [AsyncResolver-bootstrap-executor-0] INFO  com.netflix.discovery.shared.resolver.aws.ConfigClusterResolver- Resolving eureka endpoints via configuration
